\BOOKMARK [0][-]{rootNode.0}{Front Matter}{}% 1
\BOOKMARK [1][-]{a.1}{Title}{rootNode.0}% 2
\BOOKMARK [1][-]{b.1}{Dedication}{rootNode.0}% 3
\BOOKMARK [1][-]{c.1}{Acknowledgments}{rootNode.0}% 4
\BOOKMARK [1][-]{e.1}{Abstract}{rootNode.0}% 5
\BOOKMARK [0][-]{f.0}{Table of Contents}{}% 6
\BOOKMARK [0][-]{chapter.1}{1 Introduction}{}% 7
\BOOKMARK [1][-]{section.1.1}{1.1 Disclaimer}{chapter.1}% 8
\BOOKMARK [1][-]{section.1.2}{1.2 Getting started}{chapter.1}% 9
\BOOKMARK [1][-]{section.1.3}{1.3 References}{chapter.1}% 10
\BOOKMARK [1][-]{section.1.4}{1.4 Theorem environments}{chapter.1}% 11
\BOOKMARK [1][-]{section.1.5}{1.5 Figures and Tables}{chapter.1}% 12
\BOOKMARK [2][-]{subsection.1.5.1}{1.5.1 General Rules}{section.1.5}% 13
\BOOKMARK [2][-]{subsection.1.5.2}{1.5.2 Single figures}{section.1.5}% 14
\BOOKMARK [2][-]{subsection.1.5.3}{1.5.3 Multipart figures}{section.1.5}% 15
\BOOKMARK [2][-]{subsection.1.5.4}{1.5.4 Tables}{section.1.5}% 16
\BOOKMARK [0][-]{chapter.2}{2 Background of Electrochemical Reprocessing}{}% 17
\BOOKMARK [1][-]{section.2.1}{2.1 Reprocessing}{chapter.2}% 18
\BOOKMARK [2][-]{subsection.2.1.1}{2.1.1 PUREX}{section.2.1}% 19
\BOOKMARK [2][-]{subsection.2.1.2}{2.1.2 Pyroprocessing}{section.2.1}% 20
\BOOKMARK [2][-]{subsection.2.1.3}{2.1.3 Fuel Rod Processing}{section.2.1}% 21
\BOOKMARK [2][-]{subsection.2.1.4}{2.1.4 Voloxidation}{section.2.1}% 22
\BOOKMARK [2][-]{subsection.2.1.5}{2.1.5 Electroreduction}{section.2.1}% 23
\BOOKMARK [2][-]{subsection.2.1.6}{2.1.6 Electrorefiner}{section.2.1}% 24
\BOOKMARK [1][-]{section.2.2}{2.2 Hybrid K-Edge Densitometry}{chapter.2}% 25
\BOOKMARK [2][-]{subsection.2.2.1}{2.2.1 Description of HKED}{section.2.2}% 26
\BOOKMARK [0][-]{chapter.3}{3 Methods}{}% 27
\BOOKMARK [1][-]{section.3.1}{3.1 Used Fuel Source Terms}{chapter.3}% 28
\BOOKMARK [1][-]{section.3.2}{3.2 MCNP Modeling of HKED}{chapter.3}% 29
\BOOKMARK [2][-]{subsection.3.2.1}{3.2.1 MCNP Model}{section.3.2}% 30
\BOOKMARK [2][-]{subsection.3.2.2}{3.2.2 Preliminary Work Performed On Model}{section.3.2}% 31
\BOOKMARK [2][-]{subsection.3.2.3}{3.2.3 Generation of MCNP Outputs for Modeling}{section.3.2}% 32
\BOOKMARK [2][-]{subsection.3.2.4}{3.2.4 Potential Issues With MCNP Modeling}{section.3.2}% 33
\BOOKMARK [0][-]{chapter.4}{4 Conclusions}{}% 34
\BOOKMARK [0][-]{section*.24}{Bibliography}{}% 35
\BOOKMARK [0][-]{section*.25}{Appendices}{}% 36
\BOOKMARK [1][-]{section.Alph0.1}{A Summary of Equations}{section*.25}% 37
\BOOKMARK [2][-]{subsection.Alph0.1.1}{A.1 Cartesian}{section.Alph0.1}% 38
\BOOKMARK [2][-]{subsection.Alph0.1.2}{A.2 Cylindrical}{section.Alph0.1}% 39
\BOOKMARK [1][-]{section.Alph0.2}{B Summary of Stuff}{section*.25}% 40
\BOOKMARK [2][-]{subsection.Alph0.2.1}{B.1 More Things}{section.Alph0.2}% 41
\BOOKMARK [2][-]{subsection.Alph0.2.2}{B.2 Other Aspects}{section.Alph0.2}% 42
\BOOKMARK [0][-]{section*.26}{Vita}{}% 43
