This is pdfTeX, Version 3.14159265-2.6-1.40.18 (MiKTeX 2.9.6500 64-bit) (preloaded format=pdflatex 2017.12.24)  19 FEB 2018 04:02
entering extended mode
**./my-dissertation.tex
(my-dissertation.tex
LaTeX2e <2017-04-15>
Babel <3.15> and hyphenation patterns for 75 language(s) loaded.
(utthesis.cls
utthesis.cls
ver 2.1.0
Updated by Darrin Weber
April 19, 2017
Many parts and settings of this class are based on the template provided by Dav
id L. Page and updated by Tony Saad.
Document Class: utthesis 
("C:\Program Files\MiKTeX 2.9\tex\latex\base\report.cls"
Document Class: report 2014/09/29 v1.4h Standard LaTeX document class
("C:\Program Files\MiKTeX 2.9\tex\latex\base\size12.clo"
File: size12.clo 2014/09/29 v1.4h Standard LaTeX file (size option)
)
\c@part=\count79
\c@chapter=\count80
\c@section=\count81
\c@subsection=\count82
\c@subsubsection=\count83
\c@paragraph=\count84
\c@subparagraph=\count85
\c@figure=\count86
\c@table=\count87
\abovecaptionskip=\skip41
\belowcaptionskip=\skip42
\bibindent=\dimen102
)
("C:\Program Files\MiKTeX 2.9\tex\latex\amsmath\amsmath.sty"
Package: amsmath 2017/09/02 v2.17a AMS math features
\@mathmargin=\skip43

For additional information on amsmath, use the `?' option.
("C:\Program Files\MiKTeX 2.9\tex\latex\amsmath\amstext.sty"
Package: amstext 2000/06/29 v2.01 AMS text

("C:\Program Files\MiKTeX 2.9\tex\latex\amsmath\amsgen.sty"
File: amsgen.sty 1999/11/30 v2.0 generic functions
\@emptytoks=\toks14
\ex@=\dimen103
))
("C:\Program Files\MiKTeX 2.9\tex\latex\amsmath\amsbsy.sty"
Package: amsbsy 1999/11/29 v1.2d Bold Symbols
\pmbraise@=\dimen104
)
("C:\Program Files\MiKTeX 2.9\tex\latex\amsmath\amsopn.sty"
Package: amsopn 2016/03/08 v2.02 operator names
)
\inf@bad=\count88
LaTeX Info: Redefining \frac on input line 213.
\uproot@=\count89
\leftroot@=\count90
LaTeX Info: Redefining \overline on input line 375.
\classnum@=\count91
\DOTSCASE@=\count92
LaTeX Info: Redefining \ldots on input line 472.
LaTeX Info: Redefining \dots on input line 475.
LaTeX Info: Redefining \cdots on input line 596.
\Mathstrutbox@=\box26
\strutbox@=\box27
\big@size=\dimen105
LaTeX Font Info:    Redeclaring font encoding OML on input line 712.
LaTeX Font Info:    Redeclaring font encoding OMS on input line 713.
\macc@depth=\count93
\c@MaxMatrixCols=\count94
\dotsspace@=\muskip10
\c@parentequation=\count95
\dspbrk@lvl=\count96
\tag@help=\toks15
\row@=\count97
\column@=\count98
\maxfields@=\count99
\andhelp@=\toks16
\eqnshift@=\dimen106
\alignsep@=\dimen107
\tagshift@=\dimen108
\tagwidth@=\dimen109
\totwidth@=\dimen110
\lineht@=\dimen111
\@envbody=\toks17
\multlinegap=\skip44
\multlinetaggap=\skip45
\mathdisplay@stack=\toks18
LaTeX Info: Redefining \[ on input line 2817.
LaTeX Info: Redefining \] on input line 2818.
)
("C:\Program Files\MiKTeX 2.9\tex\latex\amscls\amsthm.sty"
Package: amsthm 2015/03/04 v2.20.2
\thm@style=\toks19
\thm@bodyfont=\toks20
\thm@headfont=\toks21
\thm@notefont=\toks22
\thm@headpunct=\toks23
\thm@preskip=\skip46
\thm@postskip=\skip47
\thm@headsep=\skip48
\dth@everypar=\toks24
)
("C:\Program Files\MiKTeX 2.9\tex\latex\amsfonts\amssymb.sty"
Package: amssymb 2013/01/14 v3.01 AMS font symbols

("C:\Program Files\MiKTeX 2.9\tex\latex\amsfonts\amsfonts.sty"
Package: amsfonts 2013/01/14 v3.01 Basic AMSFonts support
\symAMSa=\mathgroup4
\symAMSb=\mathgroup5
LaTeX Font Info:    Overwriting math alphabet `\mathfrak' in version `bold'
(Font)                  U/euf/m/n --> U/euf/b/n on input line 106.
))
("C:\Program Files\MiKTeX 2.9\tex\latex\setspace\setspace.sty"
Package: setspace 2011/12/19 v6.7a set line spacing
)
("C:\Program Files\MiKTeX 2.9\tex\latex\geometry\geometry.sty"
Package: geometry 2010/09/12 v5.6 Page Geometry

("C:\Program Files\MiKTeX 2.9\tex\latex\graphics\keyval.sty"
Package: keyval 2014/10/28 v1.15 key=value parser (DPC)
\KV@toks@=\toks25
)
("C:\Program Files\MiKTeX 2.9\tex\generic\oberdiek\ifpdf.sty"
Package: ifpdf 2017/03/15 v3.2 Provides the ifpdf switch
)
("C:\Program Files\MiKTeX 2.9\tex\generic\oberdiek\ifvtex.sty"
Package: ifvtex 2016/05/16 v1.6 Detect VTeX and its facilities (HO)
Package ifvtex Info: VTeX not detected.
)
("C:\Program Files\MiKTeX 2.9\tex\generic\ifxetex\ifxetex.sty"
Package: ifxetex 2010/09/12 v0.6 Provides ifxetex conditional
)
\Gm@cnth=\count100
\Gm@cntv=\count101
\c@Gm@tempcnt=\count102
\Gm@bindingoffset=\dimen112
\Gm@wd@mp=\dimen113
\Gm@odd@mp=\dimen114
\Gm@even@mp=\dimen115
\Gm@layoutwidth=\dimen116
\Gm@layoutheight=\dimen117
\Gm@layouthoffset=\dimen118
\Gm@layoutvoffset=\dimen119
\Gm@dimlist=\toks26

("C:\Program Files\MiKTeX 2.9\tex\latex\geometry\geometry.cfg"))
("C:\Program Files\MiKTeX 2.9\tex\latex\hyperref\hyperref.sty"
Package: hyperref 2017/03/14 v6.85a Hypertext links for LaTeX

("C:\Program Files\MiKTeX 2.9\tex\generic\oberdiek\hobsub-hyperref.sty"
Package: hobsub-hyperref 2016/05/16 v1.14 Bundle oberdiek, subset hyperref (HO)


("C:\Program Files\MiKTeX 2.9\tex\generic\oberdiek\hobsub-generic.sty"
Package: hobsub-generic 2016/05/16 v1.14 Bundle oberdiek, subset generic (HO)
Package: hobsub 2016/05/16 v1.14 Construct package bundles (HO)
Package: infwarerr 2016/05/16 v1.4 Providing info/warning/error messages (HO)
Package: ltxcmds 2016/05/16 v1.23 LaTeX kernel commands for general use (HO)
Package: ifluatex 2016/05/16 v1.4 Provides the ifluatex switch (HO)
Package ifluatex Info: LuaTeX not detected.
Package hobsub Info: Skipping package `ifvtex' (already loaded).
Package: intcalc 2016/05/16 v1.2 Expandable calculations with integers (HO)
Package hobsub Info: Skipping package `ifpdf' (already loaded).
Package: etexcmds 2016/05/16 v1.6 Avoid name clashes with e-TeX commands (HO)
Package etexcmds Info: Could not find \expanded.
(etexcmds)             That can mean that you are not using pdfTeX 1.50 or
(etexcmds)             that some package has redefined \expanded.
(etexcmds)             In the latter case, load this package earlier.
Package: kvsetkeys 2016/05/16 v1.17 Key value parser (HO)
Package: kvdefinekeys 2016/05/16 v1.4 Define keys (HO)
Package: pdftexcmds 2017/03/19 v0.25 Utility functions of pdfTeX for LuaTeX (HO
)
Package pdftexcmds Info: LuaTeX not detected.
Package pdftexcmds Info: \pdf@primitive is available.
Package pdftexcmds Info: \pdf@ifprimitive is available.
Package pdftexcmds Info: \pdfdraftmode found.
Package: pdfescape 2016/05/16 v1.14 Implements pdfTeX's escape features (HO)
Package: bigintcalc 2016/05/16 v1.4 Expandable calculations on big integers (HO
)
Package: bitset 2016/05/16 v1.2 Handle bit-vector datatype (HO)
Package: uniquecounter 2016/05/16 v1.3 Provide unlimited unique counter (HO)
)
Package hobsub Info: Skipping package `hobsub' (already loaded).
Package: letltxmacro 2016/05/16 v1.5 Let assignment for LaTeX macros (HO)
Package: hopatch 2016/05/16 v1.3 Wrapper for package hooks (HO)
Package: xcolor-patch 2016/05/16 xcolor patch
Package: atveryend 2016/05/16 v1.9 Hooks at the very end of document (HO)
Package atveryend Info: \enddocument detected (standard20110627).
Package: atbegshi 2016/06/09 v1.18 At begin shipout hook (HO)
Package: refcount 2016/05/16 v3.5 Data extraction from label references (HO)
Package: hycolor 2016/05/16 v1.8 Color options for hyperref/bookmark (HO)
)
("C:\Program Files\MiKTeX 2.9\tex\latex\oberdiek\auxhook.sty"
Package: auxhook 2016/05/16 v1.4 Hooks for auxiliary files (HO)
)
("C:\Program Files\MiKTeX 2.9\tex\latex\oberdiek\kvoptions.sty"
Package: kvoptions 2016/05/16 v3.12 Key value format for package options (HO)
)
\@linkdim=\dimen120
\Hy@linkcounter=\count103
\Hy@pagecounter=\count104

("C:\Program Files\MiKTeX 2.9\tex\latex\hyperref\pd1enc.def"
File: pd1enc.def 2017/03/14 v6.85a Hyperref: PDFDocEncoding definition (HO)
)
\Hy@SavedSpaceFactor=\count105

("C:\Program Files\MiKTeX 2.9\tex\latex\00miktex\hyperref.cfg"
File: hyperref.cfg 2002/06/06 v1.2 hyperref configuration of TeXLive
)
Package hyperref Info: Option `plainpages' set `false' on input line 4374.
Package hyperref Info: Option `pdfpagelabels' set `true' on input line 4374.
Package hyperref Info: Option `breaklinks' set `true' on input line 4374.
Package hyperref Info: Hyper figures OFF on input line 4498.
Package hyperref Info: Link nesting OFF on input line 4503.
Package hyperref Info: Hyper index ON on input line 4506.
Package hyperref Info: Plain pages OFF on input line 4513.
Package hyperref Info: Backreferencing ON on input line 4516.
Package hyperref Info: Implicit mode ON; LaTeX internals redefined.
Package hyperref Info: Bookmarks ON on input line 4751.

("C:\Program Files\MiKTeX 2.9\tex\latex\hyperref\backref.sty"
Package: backref 2016/05/21 v1.39 Bibliographical back referencing

("C:\Program Files\MiKTeX 2.9\tex\latex\oberdiek\rerunfilecheck.sty"
Package: rerunfilecheck 2016/05/16 v1.8 Rerun checks for auxiliary files (HO)
Package uniquecounter Info: New unique counter `rerunfilecheck' on input line 2
82.
))
\c@Hy@tempcnt=\count106

("C:\Program Files\MiKTeX 2.9\tex\latex\url\url.sty"
\Urlmuskip=\muskip11
Package: url 2013/09/16  ver 3.4  Verb mode for urls, etc.
)
LaTeX Info: Redefining \url on input line 5104.
\XeTeXLinkMargin=\dimen121
\Fld@menulength=\count107
\Field@Width=\dimen122
\Fld@charsize=\dimen123
Package hyperref Info: Hyper figures OFF on input line 6358.
Package hyperref Info: Link nesting OFF on input line 6363.
Package hyperref Info: Hyper index ON on input line 6366.
Package hyperref Info: backreferencing ON on input line 6371.
Package hyperref Info: Link coloring OFF on input line 6378.
Package hyperref Info: Link coloring with OCG OFF on input line 6383.
Package hyperref Info: PDF/A mode OFF on input line 6388.
LaTeX Info: Redefining \ref on input line 6428.
LaTeX Info: Redefining \pageref on input line 6432.
\Hy@abspage=\count108
\c@Item=\count109
\c@Hfootnote=\count110
)

Package hyperref Message: Driver: hpdftex.

("C:\Program Files\MiKTeX 2.9\tex\latex\hyperref\hpdftex.def"
File: hpdftex.def 2017/03/14 v6.85a Hyperref driver for pdfTeX
\Fld@listcount=\count111
\c@bookmark@seq@number=\count112
\Hy@SectionHShift=\skip49
)
("C:\Program Files\MiKTeX 2.9\tex\latex\graphics\color.sty"
Package: color 2016/07/10 v1.1e Standard LaTeX Color (DPC)

("C:\Program Files\MiKTeX 2.9\tex\latex\graphics-cfg\color.cfg"
File: color.cfg 2016/01/02 v1.6 sample color configuration
)
Package color Info: Driver file: pdftex.def on input line 147.

("C:\Program Files\MiKTeX 2.9\tex\latex\graphics-def\pdftex.def"
File: pdftex.def 2017/06/24 v1.0g Graphics/color driver for pdftex
))
\c@theorem=\count113
Package hyperref Info: Option `bookmarksnumbered' set `true' on input line 134.

Package hyperref Info: Option `bookmarksopen' set `false' on input line 134.
Package hyperref Info: Option `pdffitwindow' set `true' on input line 134.
Package hyperref Info: Option `pdfnewwindow' set `true' on input line 134.
Package hyperref Info: Option `colorlinks' set `true' on input line 134.
)
("C:\Program Files\MiKTeX 2.9\tex\latex\nomencl\nomencl.sty"
Package: nomencl 2005/09/22 v4.2 Nomenclature package (LN)
\nomlabelwidth=\dimen124
\nom@tempdim=\dimen125
\nomitemsep=\skip50
)
\@nomenclaturefile=\write3
\openout3 = `my-dissertation.nlo'.


Writing nomenclature file my-dissertation.nlo
("C:\Program Files\MiKTeX 2.9\tex\latex\float\float.sty"
Package: float 2001/11/08 v1.3d Float enhancements (AL)
\c@float@type=\count114
\float@exts=\toks27
\float@box=\box28
\@float@everytoks=\toks28
\@floatcapt=\box29
)
("C:\Program Files\MiKTeX 2.9\tex\latex\natbib\natbib.sty"
Package: natbib 2010/09/13 8.31b (PWD, AO)
\bibhang=\skip51
\bibsep=\skip52
LaTeX Info: Redefining \cite on input line 694.
\c@NAT@ctr=\count115
)
("C:\Program Files\MiKTeX 2.9\tex\latex\graphics\graphicx.sty"
Package: graphicx 2017/06/01 v1.1a Enhanced LaTeX Graphics (DPC,SPQR)

("C:\Program Files\MiKTeX 2.9\tex\latex\graphics\graphics.sty"
Package: graphics 2017/06/25 v1.2c Standard LaTeX Graphics (DPC,SPQR)

("C:\Program Files\MiKTeX 2.9\tex\latex\graphics\trig.sty"
Package: trig 2016/01/03 v1.10 sin cos tan (DPC)
)
("C:\Program Files\MiKTeX 2.9\tex\latex\graphics-cfg\graphics.cfg"
File: graphics.cfg 2016/06/04 v1.11 sample graphics configuration
)
Package graphics Info: Driver file: pdftex.def on input line 99.
)
\Gin@req@height=\dimen126
\Gin@req@width=\dimen127
)
("C:\Program Files\MiKTeX 2.9\tex\latex\fancyhdr\fancyhdr.sty"
Package: fancyhdr 2017/06/30 v3.9a Extensive control of page headers and footer
s
\f@nch@headwidth=\skip53
\f@nch@O@elh=\skip54
\f@nch@O@erh=\skip55
\f@nch@O@olh=\skip56
\f@nch@O@orh=\skip57
\f@nch@O@elf=\skip58
\f@nch@O@erf=\skip59
\f@nch@O@olf=\skip60
\f@nch@O@orf=\skip61
)
("C:\Program Files\MiKTeX 2.9\tex\latex\srcltx\srcltx.sty"
Package: srcltx 2006/11/12 v1.6 Source specials for inverse search in DVI files


("C:\Program Files\MiKTeX 2.9\tex\latex\base\ifthen.sty"
Package: ifthen 2014/09/29 v1.1c Standard LaTeX ifthen package (DPC)
)
\src@lastline=\count116
\src@new@everypar=\toks29
\src@new@output=\toks30
)
("C:\Program Files\MiKTeX 2.9\tex\latex\ltxmisc\relsize.sty"
Package: relsize 2003/07/04 ver 3.1
)
("C:\Program Files\MiKTeX 2.9\tex\latex\booktabs\booktabs.sty"
Package: booktabs 2005/04/14 v1.61803 publication quality tables
\heavyrulewidth=\dimen128
\lightrulewidth=\dimen129
\cmidrulewidth=\dimen130
\belowrulesep=\dimen131
\belowbottomsep=\dimen132
\aboverulesep=\dimen133
\abovetopsep=\dimen134
\cmidrulesep=\dimen135
\cmidrulekern=\dimen136
\defaultaddspace=\dimen137
\@cmidla=\count117
\@cmidlb=\count118
\@aboverulesep=\dimen138
\@belowrulesep=\dimen139
\@thisruleclass=\count119
\@lastruleclass=\count120
\@thisrulewidth=\dimen140
)
("C:\Program Files\MiKTeX 2.9\tex\latex\caption\caption.sty"
Package: caption 2016/02/21 v3.3-144 Customizing captions (AR)

("C:\Program Files\MiKTeX 2.9\tex\latex\caption\caption3.sty"
Package: caption3 2016/05/22 v1.7-166 caption3 kernel (AR)
Package caption3 Info: TeX engine: e-TeX on input line 67.
\captionmargin=\dimen141
\captionmargin@=\dimen142
\captionwidth=\dimen143
\caption@tempdima=\dimen144
\caption@indent=\dimen145
\caption@parindent=\dimen146
\caption@hangindent=\dimen147
)

Package caption Warning: Configuration file caption.cfg not found on input line
 292.
See the caption package documentation for explanation.

\c@ContinuedFloat=\count121
Package caption Info: float package is loaded.
Package caption Info: hyperref package is loaded.
) ("C:\Program Files\MiKTeX 2.9\tex\latex\subfig\subfig.sty"
Package: subfig 2005/06/28 ver: 1.3 subfig package
\c@KVtest=\count122
\sf@farskip=\skip62
\sf@captopadj=\dimen148
\sf@capskip=\skip63
\sf@nearskip=\skip64


Package subfig Warning: Configuration file subfig.cfg not found on input line 2
97.

\c@subfigure=\count123
\c@subfigure@save=\count124
\c@lofdepth=\count125
\c@subtable=\count126
\c@subtable@save=\count127
\c@lotdepth=\count128
\sf@top=\skip65
\sf@bottom=\skip66
) ("C:\Program Files\MiKTeX 2.9\tex\latex\jknappen\mathrsfs.sty"
Package: mathrsfs 1996/01/01 Math RSFS package v1.0 (jk)
\symrsfs=\mathgroup6
)
("C:\Program Files\MiKTeX 2.9\tex\latex\appendix\appendix.sty"
Package: appendix 2009/09/02 v1.2b extra appendix facilities
\c@@pps=\count129
\c@@ppsavesec=\count130
\c@@ppsaveapp=\count131
)
("C:\Program Files\MiKTeX 2.9\tex\latex\oberdiek\pdflscape.sty"
Package: pdflscape 2016/05/14 v0.11 Display of landscape pages in PDF (HO)

("C:\Program Files\MiKTeX 2.9\tex\latex\graphics\lscape.sty"
Package: lscape 2000/10/22 v3.01 Landscape Pages (DPC)
)
Package pdflscape Info: Auto-detected driver: pdftex on input line 81.
)
("C:\Program Files\MiKTeX 2.9\tex\latex\listings\listings.sty"
\lst@mode=\count132
\lst@gtempboxa=\box30
\lst@token=\toks31
\lst@length=\count133
\lst@currlwidth=\dimen149
\lst@column=\count134
\lst@pos=\count135
\lst@lostspace=\dimen150
\lst@width=\dimen151
\lst@newlines=\count136
\lst@lineno=\count137
\lst@maxwidth=\dimen152

("C:\Program Files\MiKTeX 2.9\tex\latex\listings\lstmisc.sty"
File: lstmisc.sty 2015/06/04 1.6 (Carsten Heinz)
\c@lstnumber=\count138
\lst@skipnumbers=\count139
\lst@framebox=\box31
)
("C:\Program Files\MiKTeX 2.9\tex\latex\listings\listings.cfg"
File: listings.cfg 2015/06/04 1.6 listings configuration
))
Package: listings 2015/06/04 1.6 (Carsten Heinz)

(my-dissertation.aux (front-matter/dedication.aux)
(front-matter/acknowledgments.aux) (front-matter/abstract.aux)
(front-matter.aux) (front-matter/nomenclature.aux) (chapters/chapter-1.aux)
(chapters/chapter-2.aux) (chapters/chapter-3.aux) (chapters/chapter-4.aux)
(back-matter/appendix-1.aux) (back-matter/appendix-2.aux) (back-matter/vita.aux
))
\openout1 = `my-dissertation.aux'.

LaTeX Font Info:    Checking defaults for OML/cmm/m/it on input line 76.
LaTeX Font Info:    ... okay on input line 76.
LaTeX Font Info:    Checking defaults for T1/cmr/m/n on input line 76.
LaTeX Font Info:    ... okay on input line 76.
LaTeX Font Info:    Checking defaults for OT1/cmr/m/n on input line 76.
LaTeX Font Info:    ... okay on input line 76.
LaTeX Font Info:    Checking defaults for OMS/cmsy/m/n on input line 76.
LaTeX Font Info:    ... okay on input line 76.
LaTeX Font Info:    Checking defaults for OMX/cmex/m/n on input line 76.
LaTeX Font Info:    ... okay on input line 76.
LaTeX Font Info:    Checking defaults for U/cmr/m/n on input line 76.
LaTeX Font Info:    ... okay on input line 76.
LaTeX Font Info:    Checking defaults for PD1/pdf/m/n on input line 76.
LaTeX Font Info:    ... okay on input line 76.

*geometry* detected driver: dvips
*geometry* verbose mode - [ preamble ] result:
* driver: dvips
* paper: letterpaper
* layout: <same size as paper>
* layoutoffset:(h,v)=(0.0pt,0.0pt)
* vratio: 1:1
* modes: 
* h-part:(L,W,R)=(72.26999pt, 469.75502pt, 72.26999pt)
* v-part:(T,H,B)=(72.26999pt, 650.43001pt, 72.26999pt)
* \paperwidth=614.295pt
* \paperheight=794.96999pt
* \textwidth=469.75502pt
* \textheight=650.43001pt
* \oddsidemargin=0.0pt
* \evensidemargin=0.0pt
* \topmargin=-37.0pt
* \headheight=12.0pt
* \headsep=25.0pt
* \topskip=12.0pt
* \footskip=30.0pt
* \marginparwidth=44.0pt
* \marginparsep=10.0pt
* \columnsep=10.0pt
* \skip\footins=10.8pt plus 4.0pt minus 2.0pt
* \hoffset=0.0pt
* \voffset=0.0pt
* \mag=1000
* \@twocolumnfalse
* \@twosidefalse
* \@mparswitchfalse
* \@reversemarginfalse
* (1in=72.27pt=25.4mm, 1cm=28.453pt)

\AtBeginShipoutBox=\box32
Package backref Info: ** backref set up for natbib ** on input line 76.
Package hyperref Info: Link coloring ON on input line 76.
("C:\Program Files\MiKTeX 2.9\tex\latex\hyperref\nameref.sty"
Package: nameref 2016/05/21 v2.44 Cross-referencing by name of section

("C:\Program Files\MiKTeX 2.9\tex\generic\oberdiek\gettitlestring.sty"
Package: gettitlestring 2016/05/16 v1.5 Cleanup title references (HO)
)
\c@section@level=\count140
)
LaTeX Info: Redefining \ref on input line 76.
LaTeX Info: Redefining \pageref on input line 76.
LaTeX Info: Redefining \nameref on input line 76.

(my-dissertation.out) (my-dissertation.out)
\@outlinefile=\write4
\openout4 = `my-dissertation.out'.


("C:\Program Files\MiKTeX 2.9\tex\context\base\supp-pdf.mkii"
[Loading MPS to PDF converter (version 2006.09.02).]
\scratchcounter=\count141
\scratchdimen=\dimen153
\scratchbox=\box33
\nofMPsegments=\count142
\nofMParguments=\count143
\everyMPshowfont=\toks32
\MPscratchCnt=\count144
\MPscratchDim=\dimen154
\MPnumerator=\count145
\makeMPintoPDFobject=\count146
\everyMPtoPDFconversion=\toks33
) ("C:\Program Files\MiKTeX 2.9\tex\latex\oberdiek\epstopdf-base.sty"
Package: epstopdf-base 2016/05/15 v2.6 Base part for package epstopdf

("C:\Program Files\MiKTeX 2.9\tex\latex\oberdiek\grfext.sty"
Package: grfext 2016/05/16 v1.2 Manage graphics extensions (HO)
)
Package epstopdf-base Info: Redefining graphics rule for `.eps' on input line 4
38.
Package grfext Info: Graphics extension search list:
(grfext)             [.pdf,.png,.jpg,.mps,.jpeg,.jbig2,.jb2,.PDF,.PNG,.JPG,.JPE
G,.JBIG2,.JB2,.eps]
(grfext)             \AppendGraphicsExtensions on input line 456.
)
Package caption Info: Begin \AtBeginDocument code.
Package caption Info: subfig package v1.3 is loaded.
Package caption Info: listings package is loaded.
Package caption Info: End \AtBeginDocument code.
\c@lstlisting=\count147
 [1
Non-PDF special ignored!





{C:/Users/Michael/AppData/Local/MiKTeX/2.9/pdftex/config/pdftex.map}]
LaTeX Font Info:    Try loading font information for OMS+cmr on input line 86.
 ("C:\Program Files\MiKTeX 2.9\tex\latex\base\omscmr.fd"
File: omscmr.fd 2014/09/29 v2.5h Standard LaTeX font definitions
)
LaTeX Font Info:    Font shape `OMS/cmr/m/n' in size <12> not available
(Font)              Font shape `OMS/cmsy/m/n' tried instead on input line 86.

[2


]
:<+ front-matter/dedication.tex
\openout2 = `front-matter/dedication.aux'.

(front-matter/dedication.tex) [3





]
:<-
:<+ front-matter/acknowledgments.tex
\openout2 = `front-matter/acknowledgments.aux'.

(front-matter/acknowledgments.tex
Underfull \hbox (badness 10000) in paragraph at lines 2--3

 []

[4






]) [5]
:<-
:<+ front-matter/abstract.tex
\openout2 = `front-matter/abstract.aux'.

(front-matter/abstract.tex
LaTeX Font Info:    Try loading font information for U+msa on input line 2.

("C:\Program Files\MiKTeX 2.9\tex\latex\amsfonts\umsa.fd"
File: umsa.fd 2013/01/14 v3.01 AMS symbols A
)
LaTeX Font Info:    Try loading font information for U+msb on input line 2.

("C:\Program Files\MiKTeX 2.9\tex\latex\amsfonts\umsb.fd"
File: umsb.fd 2013/01/14 v3.01 AMS symbols B
)
LaTeX Font Info:    Try loading font information for U+rsfs on input line 2.

("C:\Program Files\MiKTeX 2.9\tex\latex\jknappen\ursfs.fd"
File: ursfs.fd 1998/03/24 rsfs font definition file (jk)
)
Underfull \hbox (badness 10000) in paragraph at lines 2--3

 []

)
Underfull \hbox (badness 10000) in paragraph at lines 4--98

 []

[6






]
:<-
(my-dissertation.toc [7




])
\tf@toc=\write5
\openout5 = `my-dissertation.toc'.

 [8] (my-dissertation.lot)
\tf@lot=\write6
\openout6 = `my-dissertation.lot'.

 [9

] (my-dissertation.lof)
\tf@lof=\write7
\openout7 = `my-dissertation.lof'.


[10

]
:<+ front-matter.tex
\openout2 = `front-matter.aux'.

No file front-matter.tex.
:<-
:<+ front-matter/nomenclature.tex
\openout2 = `front-matter/nomenclature.aux'.

(front-matter/nomenclature.tex
No file my-dissertation.nls.
)
:<-
:<+ chapters/chapter-1.tex
\openout2 = `chapters/chapter-1.aux'.

(chapters/chapter-1.tex
Chapter 1.
<figures/pdf/fig01-folder-structure.png, id=297, 563.85657pt x 269.50688pt>
File: figures/pdf/fig01-folder-structure.png Graphic file (type png)
<use figures/pdf/fig01-folder-structure.png>
Package pdftex.def Info: figures/pdf/fig01-folder-structure.png  used on input 
line 12. on input line 12.
Package pdftex.def Info: Requested size: 469.75499pt x 224.52956pt on input lin
e 12.

LaTeX Warning: `h' float specifier changed to `ht'.

[1









] [2 <./figures/pdf/fig01-folder-structure.png>] [3] [4] [5]
<figures/pdf/fig02a-circle.pdf, id=343, pagebox=cropbox, 80.3pt x 80.3pt>
File: figures/pdf/fig02a-circle.pdf Graphic file (type pdf)
<use figures/pdf/fig02a-circle.pdf>
Package pdftex.def Info: figures/pdf/fig02a-circle.pdf  used on input line 100.
 on input line 100.
Package pdftex.def Info: Requested size: 216.81pt x 216.81775pt on input line 1
00.
 [6 <./figures/pdf/fig02a-circle.pdf>]
File: figures/pdf/fig02a-circle.pdf Graphic file (type pdf)
<use figures/pdf/fig02a-circle.pdf>
Package pdftex.def Info: figures/pdf/fig02a-circle.pdf  used on input line 121.
 on input line 121.
Package pdftex.def Info: Requested size: 79.49744pt x 79.49968pt on input line 
121.
<figures/pdf/fig02b-rectangle.pdf, id=352, pagebox=cropbox, 80.3pt x 80.3pt>
File: figures/pdf/fig02b-rectangle.pdf Graphic file (type pdf)
<use figures/pdf/fig02b-rectangle.pdf>
Package pdftex.def Info: figures/pdf/fig02b-rectangle.pdf  used on input line 1
22. on input line 122.
Package pdftex.def Info: Requested size: 79.49744pt x 79.49968pt on input line 
122.
<figures/pdf/fig02c-cube.pdf, id=353, pagebox=cropbox, 80.3pt x 80.3pt>
File: figures/pdf/fig02c-cube.pdf Graphic file (type pdf)
<use figures/pdf/fig02c-cube.pdf>
Package pdftex.def Info: figures/pdf/fig02c-cube.pdf  used on input line 123. o
n input line 123.
Package pdftex.def Info: Requested size: 79.49744pt x 79.49968pt on input line 
123.
File: figures/pdf/fig02a-circle.pdf Graphic file (type pdf)
<use figures/pdf/fig02a-circle.pdf>
Package pdftex.def Info: figures/pdf/fig02a-circle.pdf  used on input line 144.
 on input line 144.
Package pdftex.def Info: Requested size: 72.26999pt x 72.27176pt on input line 
144.
File: figures/pdf/fig02b-rectangle.pdf Graphic file (type pdf)
<use figures/pdf/fig02b-rectangle.pdf>
Package pdftex.def Info: figures/pdf/fig02b-rectangle.pdf  used on input line 1
45. on input line 145.
Package pdftex.def Info: Requested size: 72.26999pt x 72.27176pt on input line 
145.
File: figures/pdf/fig02c-cube.pdf Graphic file (type pdf)
<use figures/pdf/fig02c-cube.pdf>
Package pdftex.def Info: figures/pdf/fig02c-cube.pdf  used on input line 146. o
n input line 146.
Package pdftex.def Info: Requested size: 72.26999pt x 72.27176pt on input line 
146.
 [7 <./figures/pdf/fig02b-rectangle.pdf> <./figures/pdf/fig02c-cube.pdf>] [8]
<figures/pdf/32303-TheHill-byJoshQueener.jpg, id=378, 722.7pt x 478.6683pt>
File: figures/pdf/32303-TheHill-byJoshQueener.jpg Graphic file (type jpg)
<use figures/pdf/32303-TheHill-byJoshQueener.jpg>
Package pdftex.def Info: figures/pdf/32303-TheHill-byJoshQueener.jpg  used on i
nput line 155. on input line 155.
Package pdftex.def Info: Requested size: 650.43pt x 430.8048pt on input line 15
5.


LaTeX Warning: `h' float specifier changed to `ht'.

[9 <./figures/pdf/32303-TheHill-byJoshQueener.jpg>]) [10


]
:<-
:<+ chapters/chapter-2.tex
\openout2 = `chapters/chapter-2.aux'.

(chapters/chapter-2.tex
Chapter 2.

Underfull \hbox (badness 10000) in paragraph at lines 3--4

 []

[11




]
Underfull \hbox (badness 10000) in paragraph at lines 26--27

 []


Underfull \hbox (badness 10000) in paragraph at lines 29--30

 []

[12]
Underfull \hbox (badness 10000) in paragraph at lines 31--32

 []


Underfull \hbox (badness 10000) in paragraph at lines 33--34

 []

<figures/pdf/Pyroprocessing_Description_Skutnik.pdf, id=421, pagebox=cropbox, 7
94.97pt x 614.295pt>
File: figures/pdf/Pyroprocessing_Description_Skutnik.pdf Graphic file (type pdf
)
<use figures/pdf/Pyroprocessing_Description_Skutnik.pdf>
Package pdftex.def Info: figures/pdf/Pyroprocessing_Description_Skutnik.pdf  us
ed on input line 37. on input line 37.
Package pdftex.def Info: Requested size: 426.79134pt x 329.80219pt on input lin
e 37.

LaTeX Warning: `h' float specifier changed to `ht'.

[13] [14 <./figures/pdf/Pyroprocessing_Description_Skutnik.pdf>]
Underfull \hbox (badness 10000) in paragraph at lines 59--60

 []


Underfull \hbox (badness 10000) in paragraph at lines 69--70

 []

[15]
Underfull \hbox (badness 10000) in paragraph at lines 72--73

 []


Underfull \hbox (badness 10000) in paragraph at lines 74--75

 []


Underfull \hbox (badness 10000) in paragraph at lines 80--81

 []

[16]
Underfull \hbox (badness 10000) in paragraph at lines 82--83

 []


Underfull \hbox (badness 10000) in paragraph at lines 84--85

 []


Underfull \hbox (badness 10000) in paragraph at lines 86--87

 []

) [17] [18]
:<-
:<+ chapters/chapter-3.tex
\openout2 = `chapters/chapter-3.aux'.

(chapters/chapter-3.tex
Chapter 3.

Underfull \hbox (badness 10000) in paragraph at lines 6--7

 []


Underfull \hbox (badness 10000) in paragraph at lines 8--9

 []

[19




]
Underfull \hbox (badness 10000) in paragraph at lines 10--11

 []


Underfull \hbox (badness 10000) in paragraph at lines 12--13

 []


Underfull \hbox (badness 10000) in paragraph at lines 14--15

 []


Underfull \hbox (badness 10000) in paragraph at lines 100--101

 []


Underfull \hbox (badness 10000) in paragraph at lines 105--106

 []

[20] [21] [22]

pdfTeX warning: pdflatex (file ./figures/pdf/HKED_Apparatus.pdf): PDF inclusion
: found PDF version <1.7>, but at most version <1.5> allowed
<figures/pdf/HKED_Apparatus.pdf, id=478, pagebox=cropbox, 448.67625pt x 312.417
19pt>
File: figures/pdf/HKED_Apparatus.pdf Graphic file (type pdf)
<use figures/pdf/HKED_Apparatus.pdf>
Package pdftex.def Info: figures/pdf/HKED_Apparatus.pdf  used on input line 110
. on input line 110.
Package pdftex.def Info: Requested size: 426.79134pt x 297.19029pt on input lin
e 110.

Underfull \hbox (badness 10000) in paragraph at lines 116--117

 []

[23 <./figures/pdf/HKED_Apparatus.pdf>]
Underfull \hbox (badness 10000) in paragraph at lines 118--119

 []


Underfull \hbox (badness 10000) in paragraph at lines 122--123

 []


Underfull \hbox (badness 10000) in paragraph at lines 124--125

 []

[24]
Underfull \hbox (badness 10000) in paragraph at lines 136--137

 []


Underfull \hbox (badness 10000) in paragraph at lines 138--139

 []

[25]
Underfull \hbox (badness 10000) in paragraph at lines 140--141

 []


Underfull \hbox (badness 10000) in paragraph at lines 142--143

 []


Underfull \hbox (badness 10000) in paragraph at lines 144--145

 []

[26]
Underfull \hbox (badness 10000) in paragraph at lines 146--147

 []


Underfull \hbox (badness 10000) in paragraph at lines 150--151

 []


Underfull \hbox (badness 10000) in paragraph at lines 152--153

 []

[27]
Underfull \hbox (badness 10000) in paragraph at lines 154--155

 []

) [28]
:<-
:<+ chapters/chapter-4.tex
\openout2 = `chapters/chapter-4.aux'.

(chapters/chapter-4.tex
Chapter 4.
) [29




]
:<-
[30



]
:<+ my-dissertation.bbl
(my-dissertation.bbl (my-dissertation.brf)
\tf@brf=\write8
\openout8 = `my-dissertation.brf'.

)
:<-
[31] [32


]
:<+ back-matter/appendix-1.tex
\openout2 = `back-matter/appendix-1.aux'.

(back-matter/appendix-1.tex) [33


]
:<-
:<+ back-matter/appendix-2.tex
\openout2 = `back-matter/appendix-2.aux'.

(back-matter/appendix-2.tex) [34



]
:<-
:<+ back-matter/vita.tex
\openout2 = `back-matter/vita.aux'.

(back-matter/vita.tex) [35






]
:<-
Package atveryend Info: Empty hook `BeforeClearDocument' on input line 146.
Package atveryend Info: Empty hook `AfterLastShipout' on input line 146.
(my-dissertation.aux (front-matter/dedication.aux)
(front-matter/acknowledgments.aux) (front-matter/abstract.aux)
(front-matter.aux) (front-matter/nomenclature.aux) (chapters/chapter-1.aux)
(chapters/chapter-2.aux) (chapters/chapter-3.aux) (chapters/chapter-4.aux)
(back-matter/appendix-1.aux) (back-matter/appendix-2.aux) (back-matter/vita.aux
))
Package atveryend Info: Executing hook `AtVeryEndDocument' on input line 146.
Package atveryend Info: Executing hook `AtEndAfterFileList' on input line 146.
Package rerunfilecheck Info: File `my-dissertation.out' has not changed.
(rerunfilecheck)             Checksum: 7C047B6C55F4A0DEADCF092AB9E1E714;2927.
Package rerunfilecheck Info: File `my-dissertation.brf' has not changed.
(rerunfilecheck)             Checksum: AFD9135B95B6FAE8AAEBDA67B0F11CFC;258.
Package atveryend Info: Empty hook `AtVeryVeryEnd' on input line 146.
 ) 
Here is how much of TeX's memory you used:
 10433 strings out of 493312
 159053 string characters out of 3138892
 336300 words of memory out of 3000000
 13560 multiletter control sequences out of 15000+200000
 14389 words of font info for 58 fonts, out of 3000000 for 9000
 1141 hyphenation exceptions out of 8191
 39i,16n,53p,1571b,1677s stack positions out of 5000i,500n,10000p,200000b,50000s
<C:/Program Files/MiKTeX 2.9/fonts/type1/public/amsfonts/cm/cmbx10.pfb><C:/Pr
ogram Files/MiKTeX 2.9/fonts/type1/public/amsfonts/cm/cmbx12.pfb><C:/Program Fi
les/MiKTeX 2.9/fonts/type1/public/amsfonts/cm/cmmi12.pfb><C:/Program Files/MiKT
eX 2.9/fonts/type1/public/amsfonts/cm/cmmi8.pfb><C:/Program Files/MiKTeX 2.9/fo
nts/type1/public/amsfonts/cm/cmr10.pfb><C:/Program Files/MiKTeX 2.9/fonts/type1
/public/amsfonts/cm/cmr12.pfb><C:/Program Files/MiKTeX 2.9/fonts/type1/public/a
msfonts/cm/cmr17.pfb><C:/Program Files/MiKTeX 2.9/fonts/type1/public/amsfonts/c
m/cmr7.pfb><C:/Program Files/MiKTeX 2.9/fonts/type1/public/amsfonts/cm/cmr8.pfb
><C:/Program Files/MiKTeX 2.9/fonts/type1/public/amsfonts/cm/cmsy10.pfb><C:/Pro
gram Files/MiKTeX 2.9/fonts/type1/public/amsfonts/cm/cmsy8.pfb><C:/Program File
s/MiKTeX 2.9/fonts/type1/public/amsfonts/cm/cmti12.pfb><C:/Program Files/MiKTeX
 2.9/fonts/type1/public/amsfonts/cm/cmtt10.pfb><C:/Program Files/MiKTeX 2.9/fon
ts/type1/public/amsfonts/cm/cmtt12.pfb>
Output written on my-dissertation.pdf (45 pages, 6941499 bytes).
PDF statistics:
 629 PDF objects out of 1000 (max. 8388607)
 154 named destinations out of 1000 (max. 500000)
 380 words of extra memory for PDF output out of 10000 (max. 10000000)

